Arguments: 
  /usr/bin/node /usr/bin/yarn

PATH: 
  /home/kill8268/.local/bin:/home/kill8268/.local/bin:/usr/local/bin:/usr/local/sbin:/usr/bin:/opt/android-sdk/platform-tools:/opt/android-sdk/tools:/opt/android-sdk/tools/bin:/usr/lib/jvm/default/bin:/usr/bin/site_perl:/usr/bin/vendor_perl:/usr/bin/core_perl:/var/lib/snapd/snap/bin:/opt/android-sdk/platform-tools:/opt/android-sdk/tools:/opt/android-sdk/tools/bin:/usr/lib/jvm/default/bin:/usr/bin/site_perl:/usr/bin/vendor_perl:/usr/bin/core_perl

Yarn version: 
  1.22.4

Node version: 
  14.5.0

Platform: 
  linux x64

Trace: 
  Error: https://registry.yarnpkg.com/@fortawesome%2ffontawesome-svg-core: ETIMEDOUT
      at Timeout._onTimeout (/usr/lib/node_modules/yarn/lib/cli.js:141408:19)
      at listOnTimeout (internal/timers.js:551:17)
      at processTimers (internal/timers.js:494:7)

npm manifest: 
  {
    "name": "wx-webapp",
    "version": "1.0.0",
    "description": "",
    "main": "index.js",
    "scripts": {
      "start": "react-scripts start",
      "build": "react-scripts build"
    },
    "author": "kill8268",
    "license": "ISC",
    "homepage": "./",
    "dependencies": {
      "@fortawesome/fontawesome-svg-core": "^1.2.30",
      "@fortawesome/free-solid-svg-icons": "^5.14.0",
      "@fortawesome/react-fontawesome": "^0.1.11",
      "blueimp-md5": "^2.12.0",
      "http-proxy-middleware": "^0.20.0",
      "moment": "^2.24.0",
      "react": "^16.12.0",
      "react-dom": "^16.12.0",
      "react-quill": "^1.3.5",
      "react-router-dom": "^5.1.2",
      "react-scripts": "^3.3.1",
      "react-swipeable-views": "^0.13.9"
    },
    "browserslist": {
      "production": [
        ">0.2%",
        "not dead",
        "not op_mini all"
      ],
      "development": [
        "last 1 chrome version",
        "last 1 firefox version",
        "last 1 safari version"
      ]
    },
    "devDependencies": {
      "eslint": "^7.6.0",
      "eslint-config-airbnb": "^18.2.0",
      "eslint-plugin-react": "^7.20.5"
    }
  }

yarn manifest: 
  No manifest

Lockfile: 
  No lockfile
